0 info it worked if it ends with ok
1 verbose cli [ '/Users/user/.nvm/v0.10.26/bin/node',
1 verbose cli   '/Users/user/.nvm/v0.10.26/bin/npm',
1 verbose cli   'run',
1 verbose cli   'watch' ]
2 info using npm@1.4.3
3 info using node@v0.10.26
4 verbose run-script [ 'prewatch', 'watch', 'postwatch' ]
5 info prewatch react-es-sass@0.0.0
6 info watch react-es-sass@0.0.0
7 verbose unsafe-perm in lifecycle true
8 info react-es-sass@0.0.0 Failed to exec watch script
9 error react-es-sass@0.0.0 watch: `webpack --watch --progress`
9 error Exit status 8
10 error Failed at the react-es-sass@0.0.0 watch script.
10 error This is most likely a problem with the react-es-sass package,
10 error not with npm itself.
10 error Tell the author that this fails on your system:
10 error     webpack --watch --progress
10 error You can get their info via:
10 error     npm owner ls react-es-sass
10 error There is likely additional logging output above.
11 error System Darwin 16.5.0
12 error command "/Users/user/.nvm/v0.10.26/bin/node" "/Users/user/.nvm/v0.10.26/bin/npm" "run" "watch"
13 error cwd /Users/user/developments/react-es-sass
14 error node -v v0.10.26
15 error npm -v 1.4.3
16 error code ELIFECYCLE
17 verbose exit [ 1, true ]
